<?xml version="1.0" encoding="UTF-8"?>
<!-- Generated by org.testng.reporters.JUnitXMLReporter -->
<testsuite hostname="EPBYMINW3498" ignored="0" name="Default test" tests="12" failures="0" timestamp="10 Feb 2017 12:23:20 GMT" time="0.641" errors="0">
  <testcase name="addNewsTest" time="0.203" classname="com.epam.catalog.dao.FilmDAOTest"/>
  <testcase name="findAllTest" time="0.016" classname="com.epam.catalog.dao.FilmDAOTest"/>
  <testcase name="findByAuthorNegativeTest" time="0.0" classname="com.epam.catalog.dao.FilmDAOTest"/>
  <testcase name="findByAuthorTest" time="0.0" classname="com.epam.catalog.dao.FilmDAOTest"/>
  <testcase name="findByGenreNegativeTest" time="0.015" classname="com.epam.catalog.dao.FilmDAOTest"/>
  <testcase name="findByGenreTest" time="0.0" classname="com.epam.catalog.dao.FilmDAOTest"/>
  <testcase name="findByTextNegativeTest" time="0.0" classname="com.epam.catalog.dao.FilmDAOTest"/>
  <testcase name="findByTextTest" time="0.0" classname="com.epam.catalog.dao.FilmDAOTest"/>
  <testcase name="findByTitleNegativeTest" time="0.0" classname="com.epam.catalog.dao.FilmDAOTest"/>
  <testcase name="findByTitleTest" time="0.0" classname="com.epam.catalog.dao.FilmDAOTest"/>
  <testcase name="findByYearNegativeTest" time="0.0" classname="com.epam.catalog.dao.FilmDAOTest"/>
  <testcase name="findByYearTest" time="0.0" classname="com.epam.catalog.dao.FilmDAOTest"/>
</testsuite> <!-- Default test -->
